<?xml version="1.0" encoding="UTF-8"?>
<!-- Generated by org.testng.reporters.JUnitXMLReporter -->
<testsuite ignored="0" hostname="NEW9710-G8" failures="0" tests="3" name="ChromeTest" time="19.767" errors="0" timestamp="2024-12-31T10:48:13 IST">
  <testcase classname="Practice.TestNgParallelTesting" name="CheckTitle" time="0.031"/>
  <testcase classname="Practice.TestNgParallelTesting" name="CheckURL" time="0.145"/>
  <testcase classname="Practice.TestNgParallelTesting" name="TestLogo" time="0.234"/>
</testsuite> <!-- ChromeTest -->
