<?xml version="1.0" encoding="UTF-8"?>
<!-- Generated by org.testng.reporters.JUnitXMLReporter -->
<testsuite ignored="0" hostname="NEW9710-G8" failures="0" tests="3" name="EdgeTest" time="21.583" errors="0" timestamp="2024-12-31T10:48:15 IST">
  <testcase classname="Practice.TestNgParallelTesting" name="CheckTitle" time="0.273"/>
  <testcase classname="Practice.TestNgParallelTesting" name="CheckURL" time="0.083"/>
  <testcase classname="Practice.TestNgParallelTesting" name="TestLogo" time="0.381"/>
</testsuite> <!-- EdgeTest -->
