<?xml version="1.0" encoding="UTF-8"?>
<!-- Generated by org.testng.reporters.JUnitXMLReporter -->
<testsuite ignored="0" hostname="NEW9710-G8" failures="0" tests="3" name="Test" time="81.554" errors="0" timestamp="2024-12-31T10:27:30 IST">
  <testcase classname="Practice.TestNgParallelTesting" name="CheckTitle" time="0.03"/>
  <testcase classname="Practice.TestNgParallelTesting" name="CheckURL" time="0.016"/>
  <testcase classname="Practice.TestNgParallelTesting" name="TestLogo" time="0.091"/>
</testsuite> <!-- Test -->
